<?xml version="1.0" encoding="UTF-8"?>
<!-- Generated by org.testng.reporters.JUnitXMLReporter -->
<testsuite ignored="0" hostname="DESKTOP-VASIC" failures="0" tests="1" name="Test2" time="0.009" errors="0" timestamp="2020-07-07T21:39:52 CEST">
  <testcase classname="Project.E2EProject.ValidateSectionTitle" name="@BeforeTest initialization" time="0.001">
    <failure type="java.lang.NullPointerException">
      <![CDATA[java.lang.NullPointerException
at resources.Base.InitializeDriver(Base.java:36)
at Project.E2EProject.ValidateSectionTitle.initialization(ValidateSectionTitle.java:24)
... Removed 24 stack frames]]>
    </failure>
  </testcase> <!-- @BeforeTest initialization -->
  <testcase classname="Project.E2EProject.ValidateSectionTitle" name="@AfterTest closeBrowser" time="-1.594150792588E9">
    <skipped/>
  </testcase> <!-- @AfterTest closeBrowser -->
  <testcase classname="Project.E2EProject.ValidateSectionTitle" name="validateSectionTitle" time="0.0">
    <skipped/>
  </testcase> <!-- validateSectionTitle -->
</testsuite> <!-- Test2 -->
