<?xml version="1.0" encoding="UTF-8"?>
<!-- Generated by org.testng.reporters.JUnitXMLReporter -->
<testsuite hostname="DESKTOP-VASIC" ignored="0" name="Test2" tests="1" failures="1" timestamp="2020-07-07T21:52:31 CEST" time="8.484" errors="0">
  <testcase name="validateSectionTitle" time="0.047" classname="Project.E2EProject.ValidateSectionTitle">
    <failure type="java.lang.AssertionError" message="expected [FEATURED COURSES111] but found [FEATURED COURSES]">
      <![CDATA[java.lang.AssertionError: expected [FEATURED COURSES111] but found [FEATURED COURSES]
at Project.E2EProject.ValidateSectionTitle.validateSectionTitle(ValidateSectionTitle.java:33)
at java.util.ArrayList.forEach(ArrayList.java:1257)
... Removed 36 stack frames]]>
    </failure>
  </testcase> <!-- validateSectionTitle -->
</testsuite> <!-- Test2 -->
