-------------------------------------------------------------------------------
Test set: TestSuite
-------------------------------------------------------------------------------
Tests run: 4, Failures: 1, Errors: 0, Skipped: 0, Time elapsed: 29.558 s <<< FAILURE! - in TestSuite
Project.E2EProject.ValidateSectionTitle.validateSectionTitle  Time elapsed: 0.57 s  <<< FAILURE!
java.lang.AssertionError: expected [FEATURED COURSES111] but found [FEATURED COURSES]
	at Project.E2EProject.ValidateSectionTitle.validateSectionTitle(ValidateSectionTitle.java:33)

